Removed Pin From Net: NetName=VBAT Pin=R9-1
Removed Pin From Net: NetName=VBAT Pin=U2-12
Removed Pin From Net: NetName=VBAT Pin=U2-13
Removed Pin From Net: NetName=VBAT Pin=U2-13
Added Component: Designator=C20(CAP0603)
Add component. Clean all parameters for all variants
Add component (AddParameter): Name = "Brand"; Value = "Murata Electronics"; VariantName = "[No Variations]"
Add component (AddParameter): Name = "Capacitance"; Value = "10 uF"; VariantName = "[No Variations]"
Add component (AddParameter): Name = "Case Code - in"; Value = "0603"; VariantName = "[No Variations]"
Add component (AddParameter): Name = "Case Code - mm"; Value = "1608"; VariantName = "[No Variations]"
Add component (AddParameter): Name = "Class"; Value = "Class 2"; VariantName = "[No Variations]"
Add component (AddParameter): Name = "Dielectric"; Value = "X5R"; VariantName = "[No Variations]"
Add component (AddParameter): Name = "Factory Pack Quantity"; Value = "4000"; VariantName = "[No Variations]"
Add component (AddParameter): Name = "Height"; Value = "0.8 mm"; VariantName = "[No Variations]"
Add component (AddParameter): Name = "Length"; Value = "1.6 mm"; VariantName = "[No Variations]"
Add component (AddParameter): Name = "Manufacturer"; Value = "Murata"; VariantName = "[No Variations]"
Add component (AddParameter): Name = "Manufacturer Part Number"; Value = "GRM188R61C106KAALD"; VariantName = "[No Variations]"
Add component (AddParameter): Name = "Maximum Operating Temperature"; Value = "+ 85 C"; VariantName = "[No Variations]"
Add component (AddParameter): Name = "Minimum Operating Temperature"; Value = "- 55 C"; VariantName = "[No Variations]"
Add component (AddParameter): Name = "Package / Case"; Value = "0603 (1608 metric)"; VariantName = "[No Variations]"
Add component (AddParameter): Name = "Packaging"; Value = "Reel"; VariantName = "[No Variations]"
Add component (AddParameter): Name = "Pricing 1"; Value = "10=0.442, 100=0.241, 500=0.166, 1000=0.129 (GBP)"; VariantName = "[No Variations]"
Add component (AddParameter): Name = "Product"; Value = "General Type MLCCs"; VariantName = "[No Variations]"
Add component (AddParameter): Name = "Product Category"; Value = "Multilayer Ceramic Capacitors MLCC - SMD/SMT"; VariantName = "[No Variations]"
Add component (AddParameter): Name = "RoHS"; Value = "True"; VariantName = "[No Variations]"
Add component (AddParameter): Name = "Series"; Value = "GRM"; VariantName = "[No Variations]"
Add component (AddParameter): Name = "Stock 1"; Value = "13160"; VariantName = "[No Variations]"
Add component (AddParameter): Name = "Supplier 1"; Value = "Farnell"; VariantName = "[No Variations]"
Add component (AddParameter): Name = "Supplier Part Number 1"; Value = "2611923"; VariantName = "[No Variations]"
Add component (AddParameter): Name = "Termination Style"; Value = "SMD/SMT"; VariantName = "[No Variations]"
Add component (AddParameter): Name = "Tolerance"; Value = "10 %"; VariantName = "[No Variations]"
Add component (AddParameter): Name = "Type"; Value = "General Purpose Ceramic Capacitors"; VariantName = "[No Variations]"
Add component (AddParameter): Name = "Unit Weight"; Value = "0.000222 oz"; VariantName = "[No Variations]"
Add component (AddParameter): Name = "Voltage Rating DC"; Value = "16 VDC"; VariantName = "[No Variations]"
Add component (AddParameter): Name = "Width"; Value = "0.8 mm"; VariantName = "[No Variations]"
Added Component: Designator=J2(JUMPER_NC)
Add component. Clean all parameters for all variants
Added Pin To Net: NetName=GND Pin=C20-1
Added Pin To Net: NetName=VBAT Pin=J2-1
Added Pin To Net: NetName=NetC20_2 Pin=C20-2
Added Pin To Net: NetName=NetC20_2 Pin=J2-3
Added Pin To Net: NetName=NetC20_2 Pin=R9-1
Added Pin To Net: NetName=NetC20_2 Pin=U2-12
Added Pin To Net: NetName=NetC20_2 Pin=U2-13
Added Pin To Net: NetName=NetC20_2 Pin=U2-13
Added Net: Name=NetC20_2
Added Pin To Net: NetName=NetJ2_2 Pin=J2-2
Added Pin To Net: NetName=NetJ2_2 Pin=P5-1
Added Pin To Net: NetName=NetJ2_2 Pin=T2-4
Added Net: Name=NetJ2_2
Added Member To Class: ClassName=PAGE2-POWER Member=Component C20 10uF/16V
Added Member To Class: ClassName=PAGE2-POWER Member=Component J2 Jumper
