Removed Pin From Net: NetName=GND Pin=C15-1
Removed Pin From Net: NetName=GND Pin=CON3-2
Removed Pin From Net: NetName=GND Pin=CON3-2
Removed Pin From Net: NetName=GND Pin=D7-1
Removed Pin From Net: NetName=GND Pin=D8-1
Removed Pin From Net: NetName=GND Pin=M1-1
Removed Pin From Net: NetName=GND Pin=M1-2
Removed Pin From Net: NetName=VCC Pin=M1-3
Removed Pin From Net: NetName=ENABLE_5V Pin=M1-8
Removed Pin From Net: NetName=GPIO_BCM6 Pin=M1-11
Removed Pin From Net: NetName=GPIO_BCM5 Pin=M1-12
Removed Pin From Net: NetName=GND Pin=M1-13
Removed Pin From Net: NetName=VCC Pin=M1-14
Removed Pin From Net: NetName=GPIO_FET Pin=M1-16
Removed Pin From Net: NetName=I2C_VCC_EN Pin=M1-17
Removed Pin From Net: NetName=SCL Pin=M1-19
Removed Pin From Net: NetName=SDA Pin=M1-20
Removed Pin From Net: NetName=SCK Pin=M1-23
Removed Pin From Net: NetName=MISO Pin=M1-24
Removed Pin From Net: NetName=GND Pin=M1-25
Removed Pin From Net: NetName=MOSI Pin=M1-26
Removed Pin From Net: NetName=SPI_CSS Pin=M1-33
Removed Pin From Net: NetName=SWCLK Pin=M1-36
Removed Pin From Net: NetName=RXD Pin=M1-38
Removed Pin From Net: NetName=TXD Pin=M1-39
Removed Pin From Net: NetName=GND Pin=M1-42
Removed Pin From Net: NetName=SWCLK Pin=P7-1
Removed Pin From Net: NetName=GND Pin=R33-1
Removed Pin From Net: NetName=PWR_PG Pin=R34-1
Removed Pin From Net: NetName=GND Pin=U4-1
Removed Pin From Net: NetName=MISO Pin=U4-2
Removed Pin From Net: NetName=MOSI Pin=U4-3
Removed Pin From Net: NetName=SCK Pin=U4-4
Removed Pin From Net: NetName=SPI_CSS Pin=U4-5
Removed Pin From Net: NetName=GND Pin=U4-8
Removed Pin From Net: NetName=GND Pin=U4-10
Removed Pin From Net: NetName=I2C_VCC Pin=U4-13
Removed Pin From Net: NetName=NetR22_2 Pin=U4-15
Removed Member From Class: ClassName=PAGE2-BLE, POWER, LORA Member=CON3
Removed Member From Class: ClassName=PAGE2-BLE, POWER, LORA Member=D7
Removed Member From Class: ClassName=PAGE2-BLE, POWER, LORA Member=D8
Removed Member From Class: ClassName=PAGE2-BLE, POWER, LORA Member=J2
Removed Member From Class: ClassName=PAGE2-BLE, POWER, LORA Member=M1
Removed Member From Class: ClassName=PAGE2-BLE, POWER, LORA Member=P7
Removed Member From Class: ClassName=PAGE2-BLE, POWER, LORA Member=R33
Removed Member From Class: ClassName=PAGE2-BLE, POWER, LORA Member=R34
Change Component Footprint: Designator=U4 Old Footprint=Lora_module1 New Footprint=RN4871
Change Component Footprint: Designator=CON2 Old Footprint=uFL SMD connector New Footprint=ufl connector smd
Change Component Comment : Designator=R22 Old Comment=10k New Comment=0R
Change Component Comment : Designator=C15 Old Comment=33nF New Comment=100nF
Change Component Comment : Designator=R32 Old Comment=249k New Comment=100k
Change Component Comment : Designator=R28 Old Comment=470R New Comment=4k7
Change Component Comment : Designator=R29 Old Comment=470R New Comment=226K
Change Component Comment : Designator=U4 Old Comment=Lora RFM95 New Comment=RN4871
Change Component Comment : Designator=CON2 Old Comment=U.FL-R-SMT-1(10) New Comment=antena conncetor
Change component parameters: Designator = "R28"; Footprint = "RES0603"; UniqueID = "\BAYKQFRF"
Change component parameters. Clean all parameters for all variants
Change component parameters (AddParameter): Name = "Automotive Qualification Standard"; Value = "-"; VariantName = "[No Variations]"
Change component parameters (AddParameter): Name = "ComponentLink1Description"; Value = "http://www.farnell.com/datasheets/1716707.pdf"; VariantName = "[No Variations]"
Change component parameters (AddParameter): Name = "ComponentLink1URL"; Value = "http://www.farnell.com/datasheets/1716707.pdf"; VariantName = "[No Variations]"
Change component parameters (AddParameter): Name = "Manufacturer"; Value = "MULTICOMP"; VariantName = "[No Variations]"
Change component parameters (AddParameter): Name = "Manufacturer Part Number"; Value = "MCMR06X4701FTL"; VariantName = "[No Variations]"
Change component parameters (AddParameter): Name = "Packaging"; Value = "Cut Tape"; VariantName = "[No Variations]"
Change component parameters (AddParameter): Name = "Power Rating"; Value = "100"; VariantName = "[No Variations]"
Change component parameters (AddParameter): Name = "Pricing 1"; Value = "10=0.0085, 100=0.0051, 500=0.0036, 1000=0.0028, 2500=0.0023 (GBP)"; VariantName = "[No Variations]"
Change component parameters (AddParameter): Name = "Product Range"; Value = "MCMR Series"; VariantName = "[No Variations]"
Change component parameters (AddParameter): Name = "Resistance"; Value = "4.7"; VariantName = "[No Variations]"
Change component parameters (AddParameter): Name = "Resistance Tolerance"; Value = "± 1%"; VariantName = "[No Variations]"
Change component parameters (AddParameter): Name = "Resistor Case Style"; Value = "0603 [1608 Metric]"; VariantName = "[No Variations]"
Change component parameters (AddParameter): Name = "Resistor Element Material"; Value = "Ceramic"; VariantName = "[No Variations]"
Change component parameters (AddParameter): Name = "RoHS"; Value = "Y-EX"; VariantName = "[No Variations]"
Change component parameters (AddParameter): Name = "Stock 1"; Value = "218618"; VariantName = "[No Variations]"
Change component parameters (AddParameter): Name = "Supplier 1"; Value = "Farnell"; VariantName = "[No Variations]"
Change component parameters (AddParameter): Name = "Supplier Part Number 1"; Value = "2073509"; VariantName = "[No Variations]"
Change component parameters (AddParameter): Name = "SVHC"; Value = "No SVHC (12-Jan-2017)<!--FANDB--><div class="features-and-benefits-container"><div class="features-and-benefits-description"><span class="features-benefits-value">The Multicomp MCMR series resistors are automotive grade, anti sulphured thick film chip resistor. The resistance range includes E24 and E96 decade values from 1ohm to 10Mohm. These resistors are constructed on top of a high grade ceramic body.</span></div><div class="features-and-benefits-list"><ul class="features-and-benefits-list-list"><li class="features-and-benefits-list-item">EIA 0402, 0603, 0805, 1206 chip sizes available</li><li class="features-and-benefits-list-item">High reliability and stability</li><li class="features-and-benefits-list-item">Automotive grade AEC-Q200 compliant</li><li class="features-and-benefits-list-item">Complaint with (IEC 60068-1) 55/155/56 climatic category</li><li class="features-and-benefits-list-item">Maximum operation voltage of 50V, 75V, 150V and 200V</li><li class="features-and-benefits-list-item">Power rating of 62.5mW, 100mW, 125mW and 250mW</li><li class="features-and-benefits-list-item">Available in ±1% and ±5% tolerance</li><li class="features-and-benefits-list-item">Temperature coefficient (TCR) of +200ppm/°C, +100ppm/°C and -200ppm/°C to +400ppm/°C</li><li class="features-and-benefits-list-item">Operating temperature range -55°C to 155"; VariantName = "[No Variations]"
Change component parameters (AddParameter): Name = "Temperature Coefficient"; Value = "± 100"; VariantName = "[No Variations]"
Change component parameters (AddParameter): Name = "Voltage Rating"; Value = "75"; VariantName = "[No Variations]"
Change component parameters: Designator = "R21"; Footprint = "RES0603"; UniqueID = "\LCBCSJQC"
Change component parameters. Clean all parameters for all variants
Change component parameters: Designator = "R22"; Footprint = "RES0603"; UniqueID = "\GPGFBGJO"
Change component parameters. Clean all parameters for all variants
Change component parameters: Designator = "R23"; Footprint = "RES0603"; UniqueID = "\GCXPOTEK"
Change component parameters. Clean all parameters for all variants
Change component parameters: Designator = "R32"; Footprint = "RES0603"; UniqueID = "\YYAAYNUG"
Change component parameters. Clean all parameters for all variants
Change component parameters (AddParameter): Name = "Automotive Qualification Standard"; Value = "-"; VariantName = "[No Variations]"
Change component parameters (AddParameter): Name = "ComponentLink1Description"; Value = "http://www.farnell.com/datasheets/1716707.pdf"; VariantName = "[No Variations]"
Change component parameters (AddParameter): Name = "ComponentLink1URL"; Value = "http://www.farnell.com/datasheets/1716707.pdf"; VariantName = "[No Variations]"
Change component parameters (AddParameter): Name = "Manufacturer"; Value = "MULTICOMP"; VariantName = "[No Variations]"
Change component parameters (AddParameter): Name = "Manufacturer Part Number"; Value = "MCMR06X104 JTL"; VariantName = "[No Variations]"
Change component parameters (AddParameter): Name = "Packaging"; Value = "Cut Tape"; VariantName = "[No Variations]"
Change component parameters (AddParameter): Name = "Power Rating"; Value = "100"; VariantName = "[No Variations]"
Change component parameters (AddParameter): Name = "Pricing 1"; Value = "10=0.0109, 100=0.0085, 500=0.006, 1000=0.0048, 2500=0.004, 5000=0.003, 25000=0.002, 50000=0.0016 (GBP)"; VariantName = "[No Variations]"
Change component parameters (AddParameter): Name = "Product Range"; Value = "MCMR Series"; VariantName = "[No Variations]"
Change component parameters (AddParameter): Name = "Resistance"; Value = "100"; VariantName = "[No Variations]"
Change component parameters (AddParameter): Name = "Resistance Tolerance"; Value = "± 5%"; VariantName = "[No Variations]"
Change component parameters (AddParameter): Name = "Resistor Case Style"; Value = "0603 [1608 Metric]"; VariantName = "[No Variations]"
Change component parameters (AddParameter): Name = "Resistor Element Material"; Value = "Ceramic"; VariantName = "[No Variations]"
Change component parameters (AddParameter): Name = "Resistor Mounting"; Value = "Surface Mount Device<!--FANDB--><div class="features-and-benefits-container"><div class="features-and-benefits-description"><span class="features-benefits-value">The Multicomp MCMR series resistors are automotive grade, anti sulphured thick film chip resistor. The resistance range includes E24 and E96 decade values from 1ohm to 10Mohm. These resistors are constructed on top of a high grade ceramic body.</span></div><div class="features-and-benefits-list"><ul class="features-and-benefits-list-list"><li class="features-and-benefits-list-item">EIA 0402, 0603, 0805, 1206 chip sizes available</li><li class="features-and-benefits-list-item">High reliability and stability</li><li class="features-and-benefits-list-item">Automotive grade AEC-Q200 compliant</li><li class="features-and-benefits-list-item">Complaint with (IEC 60068-1) 55/155/56 climatic category</li><li class="features-and-benefits-list-item">Maximum operation voltage of 50V, 75V, 150V and 200V</li><li class="features-and-benefits-list-item">Power rating of 62.5mW, 100mW, 125mW and 250mW</li><li class="features-and-benefits-list-item">Available in ±1% and ±5% tolerance</li><li class="features-and-benefits-list-item">Temperature coefficient (TCR) of +200ppm/°C, +100ppm/°C and -200ppm/°C to +400ppm/°C</li><li class="features-and-benefits-list-item">Operating temperature range -55°C to 155"; VariantName = "[No Variations]"
Change component parameters (AddParameter): Name = "RoHS"; Value = "Y-EX"; VariantName = "[No Variations]"
Change component parameters (AddParameter): Name = "Stock 1"; Value = "187"; VariantName = "[No Variations]"
Change component parameters (AddParameter): Name = "Supplier 1"; Value = "Farnell"; VariantName = "[No Variations]"
Change component parameters (AddParameter): Name = "Supplier Part Number 1"; Value = "2073357"; VariantName = "[No Variations]"
Change component parameters (AddParameter): Name = "Temperature Coefficient"; Value = "± 100"; VariantName = "[No Variations]"
Change component parameters (AddParameter): Name = "Voltage Rating"; Value = "75"; VariantName = "[No Variations]"
Change component parameters: Designator = "C15"; Footprint = "CAP0603"; UniqueID = "\JGHYCNYP"
Change component parameters. Clean all parameters for all variants
Change component parameters (AddParameter): Name = "Automotive Qualification Standard"; Value = "-"; VariantName = "[No Variations]"
Change component parameters (AddParameter): Name = "Capacitance"; Value = "0.1"; VariantName = "[No Variations]"
Change component parameters (AddParameter): Name = "Capacitance Tolerance"; Value = "± 10%"; VariantName = "[No Variations]"
Change component parameters (AddParameter): Name = "Ceramic Capacitor Case"; Value = "0603 [1608 Metric]"; VariantName = "[No Variations]"
Change component parameters (AddParameter): Name = "ComponentLink1Description"; Value = "http://www.farnell.com/datasheets/2189124.pdf"; VariantName = "[No Variations]"
Change component parameters (AddParameter): Name = "ComponentLink1URL"; Value = "http://www.farnell.com/datasheets/2189124.pdf"; VariantName = "[No Variations]"
Change component parameters (AddParameter): Name = "Dielectric Characteristic"; Value = "X7"; VariantName = "[No Variations]"
Change component parameters (AddParameter): Name = "Manufacturer"; Value = "MURATA"; VariantName = "[No Variations]"
Change component parameters (AddParameter): Name = "Manufacturer Part Number"; Value = "GRM188R71C104KA01J"; VariantName = "[No Variations]"
Change component parameters (AddParameter): Name = "MSL"; Value = "MSL 1 - Unlimited"; VariantName = "[No Variations]"
Change component parameters (AddParameter): Name = "Operating Temperature Max"; Value = "125"; VariantName = "[No Variations]"
Change component parameters (AddParameter): Name = "Operating Temperature Min"; Value = "-55"; VariantName = "[No Variations]"
Change component parameters (AddParameter): Name = "Packaging"; Value = "Cut Tape"; VariantName = "[No Variations]"
Change component parameters (AddParameter): Name = "Pricing 1"; Value = "10=0.0145, 100=0.0126, 500=0.0081, 2500=0.0059, 5000=0.0052, 10000=0.0046, 50000=0.0036, 100000=0.0035 (GBP)"; VariantName = "[No Variations]"
Change component parameters (AddParameter): Name = "Product Range"; Value = "GRM Series"; VariantName = "[No Variations]"
Change component parameters (AddParameter): Name = "RoHS"; Value = "YES"; VariantName = "[No Variations]"
Change component parameters (AddParameter): Name = "Stock 1"; Value = "18297"; VariantName = "[No Variations]"
Change component parameters (AddParameter): Name = "Supplier 1"; Value = "Farnell"; VariantName = "[No Variations]"
Change component parameters (AddParameter): Name = "Supplier Part Number 1"; Value = "2688519"; VariantName = "[No Variations]"
Change component parameters (AddParameter): Name = "SVHC"; Value = "No SVHC (20-Jun-2016"; VariantName = "[No Variations]"
Change component parameters (AddParameter): Name = "Voltage Rating"; Value = "16"; VariantName = "[No Variations]"
Change component parameters: Designator = "U4"; Footprint = "RN4871"; UniqueID = "\QOBWPTFV"
Change component parameters. Clean all parameters for all variants
Change component parameters (AddParameter): Name = "Bluetooth Class"; Value = "Class 2"; VariantName = "[No Variations]"
Change component parameters (AddParameter): Name = "Bluetooth Version"; Value = "Bluetooth 4.2"; VariantName = "[No Variations]"
Change component parameters (AddParameter): Name = "Data Rate"; Value = "-"; VariantName = "[No Variations]"
Change component parameters (AddParameter): Name = "Manufacturer"; Value = "Microchip"; VariantName = "[No Variations]"
Change component parameters (AddParameter): Name = "Manufacturer Part Number"; Value = "RN4871-V/RM118"; VariantName = "[No Variations]"
Change component parameters (AddParameter): Name = "Operating Temperature Max"; Value = "70°C"; VariantName = "[No Variations]"
Change component parameters (AddParameter): Name = "Operating Temperature Min"; Value = "-20°C"; VariantName = "[No Variations]"
Change component parameters (AddParameter): Name = "Pricing 1"; Value = "1=5.4, 25=5.08, 100=4.98 (GBP)"; VariantName = "[No Variations]"
Change component parameters (AddParameter): Name = "Product Range"; Value = "RN Series"; VariantName = "[No Variations]"
Change component parameters (AddParameter): Name = "Receive Sensitivity"; Value = "-90dBm"; VariantName = "[No Variations]"
Change component parameters (AddParameter): Name = "Signal Range Max"; Value = "-"; VariantName = "[No Variations]"
Change component parameters (AddParameter): Name = "Stock 1"; Value = "2428"; VariantName = "[No Variations]"
Change component parameters (AddParameter): Name = "Supplier 1"; Value = "Farnell"; VariantName = "[No Variations]"
Change component parameters (AddParameter): Name = "Supplier Part Number 1"; Value = "2664514"; VariantName = "[No Variations]"
Change component parameters (AddParameter): Name = "Supply Voltage Max"; Value = "3.6V"; VariantName = "[No Variations]"
Change component parameters (AddParameter): Name = "Supply Voltage Min"; Value = "1.9V"; VariantName = "[No Variations]"
Change component parameters (AddParameter): Name = "SVHC"; Value = "No SVHC (17-Dec-2015)"; VariantName = "[No Variations]"
Change component parameters: Designator = "R29"; Footprint = "RES0603"; UniqueID = "\PHEGYAAR"
Change component parameters. Clean all parameters for all variants
Change component parameters (AddParameter): Name = "Brand"; Value = "Vishay / Dale"; VariantName = "[No Variations]"
Change component parameters (AddParameter): Name = "Case Code - in"; Value = "0603"; VariantName = "[No Variations]"
Change component parameters (AddParameter): Name = "Case Code - mm"; Value = "1608"; VariantName = "[No Variations]"
Change component parameters (AddParameter): Name = "ComponentLink1Description"; Value = "http://www.mouser.com/ds/2/427/dcrcwe3-109170.pdf"; VariantName = "[No Variations]"
Change component parameters (AddParameter): Name = "ComponentLink1URL"; Value = "http://www.mouser.com/ds/2/427/dcrcwe3-109170.pdf"; VariantName = "[No Variations]"
Change component parameters (AddParameter): Name = "ComponentLink2Description"; Value = "http://www.vishay.com/docs/20035/dcrcwe3.pdf"; VariantName = "[No Variations]"
Change component parameters (AddParameter): Name = "ComponentLink2URL"; Value = "http://www.vishay.com/docs/20035/dcrcwe3.pdf"; VariantName = "[No Variations]"
Change component parameters (AddParameter): Name = "ComponentLink3Description"; Value = "http://www.farnell.com/datasheets/2045674.pdf"; VariantName = "[No Variations]"
Change component parameters (AddParameter): Name = "ComponentLink3URL"; Value = "http://www.farnell.com/datasheets/2045674.pdf"; VariantName = "[No Variations]"
Change component parameters (AddParameter): Name = "ComponentLink4Description"; Value = "https://www.alliedelec.com/m/d/0c934d6939ccefa68dbe0b96d821c8cf.pdf"; VariantName = "[No Variations]"
Change component parameters (AddParameter): Name = "ComponentLink4URL"; Value = "https://www.alliedelec.com/m/d/0c934d6939ccefa68dbe0b96d821c8cf.pdf"; VariantName = "[No Variations]"
Change component parameters (AddParameter): Name = "ComponentLink5Description"; Value = "http://uk.rs-online.com/webdocs/0d98/0900766b80d98afc.pdf"; VariantName = "[No Variations]"
Change component parameters (AddParameter): Name = "ComponentLink5URL"; Value = "http://uk.rs-online.com/webdocs/0d98/0900766b80d98afc.pdf"; VariantName = "[No Variations]"
Change component parameters (AddParameter): Name = "ComponentLink6Description"; Value = "http://www.alliedelec.com/m/d/0c934d6939ccefa68dbe0b96d821c8cf.pdf"; VariantName = "[No Variations]"
Change component parameters (AddParameter): Name = "ComponentLink6URL"; Value = "http://www.alliedelec.com/m/d/0c934d6939ccefa68dbe0b96d821c8cf.pdf"; VariantName = "[No Variations]"
Change component parameters (AddParameter): Name = "ComponentLink7Description"; Value = "http://www.farnell.com/datasheets/2111203.pdf"; VariantName = "[No Variations]"
Change component parameters (AddParameter): Name = "ComponentLink7URL"; Value = "http://www.farnell.com/datasheets/2111203.pdf"; VariantName = "[No Variations]"
Change component parameters (AddParameter): Name = "Factory Pack Quantity"; Value = "5000"; VariantName = "[No Variations]"
Change component parameters (AddParameter): Name = "Height"; Value = "0.45 mm"; VariantName = "[No Variations]"
Change component parameters (AddParameter): Name = "Length"; Value = "1.55 mm"; VariantName = "[No Variations]"
Change component parameters (AddParameter): Name = "Manufacturer"; Value = "Vishay"; VariantName = "[No Variations]"
Change component parameters (AddParameter): Name = "Manufacturer Part Number"; Value = "CRCW0603226KFKEA"; VariantName = "[No Variations]"
Change component parameters (AddParameter): Name = "Operating Temperature Range"; Value = "- 55 C to + 155 C"; VariantName = "[No Variations]"
Change component parameters (AddParameter): Name = "Package / Case"; Value = "0603 (1608 metric)"; VariantName = "[No Variations]"
Change component parameters (AddParameter): Name = "Packaging"; Value = "Reel"; VariantName = "[No Variations]"
Change component parameters (AddParameter): Name = "Power Rating"; Value = "100 mW"; VariantName = "[No Variations]"
Change component parameters (AddParameter): Name = "Pricing 1"; Value = "10=0.0188, 100=0.0145, 500=0.0124, 1000=0.008 (GBP)"; VariantName = "[No Variations]"
Change component parameters (AddParameter): Name = "Product"; Value = "Thick Film Resistors SMD"; VariantName = "[No Variations]"
Change component parameters (AddParameter): Name = "Product Category"; Value = "Thick Film Resistors - SMD"; VariantName = "[No Variations]"
Change component parameters (AddParameter): Name = "Resistance"; Value = "226 kOhms"; VariantName = "[No Variations]"
Change component parameters (AddParameter): Name = "RoHS"; Value = "Details"; VariantName = "[No Variations]"
Change component parameters (AddParameter): Name = "Series"; Value = "CRCW"; VariantName = "[No Variations]"
Change component parameters (AddParameter): Name = "Stock 1"; Value = "6700"; VariantName = "[No Variations]"
Change component parameters (AddParameter): Name = "Supplier 1"; Value = "Farnell"; VariantName = "[No Variations]"
Change component parameters (AddParameter): Name = "Supplier Part Number 1"; Value = "2138531"; VariantName = "[No Variations]"
Change component parameters (AddParameter): Name = "Temperature Coefficient"; Value = "100 PPM / K"; VariantName = "[No Variations]"
Change component parameters (AddParameter): Name = "Termination Style"; Value = "SMD/SMT"; VariantName = "[No Variations]"
Change component parameters (AddParameter): Name = "Tolerance"; Value = "1 %"; VariantName = "[No Variations]"
Change component parameters (AddParameter): Name = "Unit Weight"; Value = "0.000071 oz"; VariantName = "[No Variations]"
Change component parameters (AddParameter): Name = "Voltage Rating"; Value = "75 V"; VariantName = "[No Variations]"
Change component parameters (AddParameter): Name = "Width"; Value = "0.85 mm"; VariantName = "[No Variations]"
Change component parameters: Designator = "CON2"; Footprint = "ufl connector smd"; UniqueID = "\HKAHJHXD"
Change component parameters. Clean all parameters for all variants
Change component parameters (AddParameter): Name = "Body Finish"; Value = "Silver"; VariantName = "[No Variations]"
Change component parameters (AddParameter): Name = "Body Material"; Value = "Phosphor Bronze"; VariantName = "[No Variations]"
Change component parameters (AddParameter): Name = "Cable Group"; Value = "-"; VariantName = "[No Variations]"
Change component parameters (AddParameter): Name = "Category"; Value = "Connectors, Interconnects"; VariantName = "[No Variations]"
Change component parameters (AddParameter): Name = "Center Contact Material"; Value = "Brass"; VariantName = "[No Variations]"
Change component parameters (AddParameter): Name = "Center Contact Plating"; Value = "Gold"; VariantName = "[No Variations]"
Change component parameters (AddParameter): Name = "ComponentLink1Description"; Value = "http://www.farnell.com/datasheets/91524.pdf"; VariantName = "[No Variations]"
Change component parameters (AddParameter): Name = "ComponentLink1URL"; Value = "http://www.farnell.com/datasheets/91524.pdf"; VariantName = "[No Variations]"
Change component parameters (AddParameter): Name = "ComponentLink2Description"; Value = "http://uk.rs-online.com/webdocs/1363/0900766b81363563.pdf"; VariantName = "[No Variations]"
Change component parameters (AddParameter): Name = "ComponentLink2URL"; Value = "http://uk.rs-online.com/webdocs/1363/0900766b81363563.pdf"; VariantName = "[No Variations]"
Change component parameters (AddParameter): Name = "ComponentLink3Description"; Value = "http://www.farnell.com/datasheets/1947917.pdf"; VariantName = "[No Variations]"
Change component parameters (AddParameter): Name = "ComponentLink3URL"; Value = "http://www.farnell.com/datasheets/1947917.pdf"; VariantName = "[No Variations]"
Change component parameters (AddParameter): Name = "Connector Style"; Value = "U.FL, Ultra Miniature Coaxial"; VariantName = "[No Variations]"
Change component parameters (AddParameter): Name = "Connector Type"; Value = "Receptacle, Male Pin"; VariantName = "[No Variations]"
Change component parameters (AddParameter): Name = "Contact Termination"; Value = "Solder"; VariantName = "[No Variations]"
Change component parameters (AddParameter): Name = "Dielectric Material"; Value = "Liquid Crystal Polymer (LCP)"; VariantName = "[No Variations]"
Change component parameters (AddParameter): Name = "Family"; Value = "Coaxial Connectors (RF)"; VariantName = "[No Variations]"
Change component parameters (AddParameter): Name = "Fastening Type"; Value = "Snap-On"; VariantName = "[No Variations]"
Change component parameters (AddParameter): Name = "Featured Product"; Value = "U.FL Series Connectors"; VariantName = "[No Variations]"
Change component parameters (AddParameter): Name = "Features"; Value = "-"; VariantName = "[No Variations]"
Change component parameters (AddParameter): Name = "Frequency - Max"; Value = "6GHz"; VariantName = "[No Variations]"
Change component parameters (AddParameter): Name = "Housing Color"; Value = "Beige"; VariantName = "[No Variations]"
Change component parameters (AddParameter): Name = "Impedance"; Value = "50 Ohm"; VariantName = "[No Variations]"
Change component parameters (AddParameter): Name = "Ingress Protection"; Value = "-"; VariantName = "[No Variations]"
Change component parameters (AddParameter): Name = "Manufacturer"; Value = "Hirose"; VariantName = "[No Variations]"
Change component parameters (AddParameter): Name = "Manufacturer Part Number"; Value = "U.FL-R-SMT-1(10)"; VariantName = "[No Variations]"
Change component parameters (AddParameter): Name = "Mounting Type"; Value = "Surface Mount"; VariantName = "[No Variations]"
Change component parameters (AddParameter): Name = "Online Catalog"; Value = "UMCC (Ultra Miniature Coax Connectors), U.FL Series"; VariantName = "[No Variations]"
Change component parameters (AddParameter): Name = "Operating Temperature"; Value = "-40°C ~ 90°C"; VariantName = "[No Variations]"
Change component parameters (AddParameter): Name = "Other Names"; Value = "H11891TR  Q5400621  U.FL-R-SMT-1 10  U.FL-R-SMT-1(10)-ND  UFLRSMT110"; VariantName = "[No Variations]"
Change component parameters (AddParameter): Name = "Packaging"; Value = "Tape & Reel (TR)"; VariantName = "[No Variations]"
Change component parameters (AddParameter): Name = "Series"; Value = "U.FL"; VariantName = "[No Variations]"
Change component parameters (AddParameter): Name = "Shield Termination"; Value = "Solder"; VariantName = "[No Variations]"
Change component parameters (AddParameter): Name = "Standard Package"; Value = "2,500"; VariantName = "[No Variations]"
Change component parameters (AddParameter): Name = "Stock 1"; Value = "0"; VariantName = "[No Variations]"
Change component parameters (AddParameter): Name = "Supplier 1"; Value = "Farnell"; VariantName = "[No Variations]"
Change component parameters (AddParameter): Name = "Supplier Part Number 1"; Value = "1688077"; VariantName = "[No Variations]"
Change component parameters (AddParameter): Name = "Voltage Rating"; Value = "-"; VariantName = "[No Variations]"
Added Component: Designator=C16(CAP0603)
Add component. Clean all parameters for all variants
Add component (AddParameter): Name = "Automotive Qualification Standard"; Value = "-"; VariantName = "[No Variations]"
Add component (AddParameter): Name = "Capacitance"; Value = "1"; VariantName = "[No Variations]"
Add component (AddParameter): Name = "Capacitance Tolerance"; Value = "± 10%"; VariantName = "[No Variations]"
Add component (AddParameter): Name = "Capacitance Tolerance ±"; Value = "± 10%"; VariantName = "[No Variations]"
Add component (AddParameter): Name = "Capacitor Terminals"; Value = "SMD<!--FANDB--><div class="features-and-benefits-container"><div class="features-and-benefits-description"><span class="features-benefits-value">The Murata GRM series capacitors are Multilayer Ceramic Chip Capacitors (MLCC) used for general purpose applications. These MLCC capacitors are classified into temperature compensating and high dielectric constant types depending on the change in electrostatic capacitance due to change in temperature. The temperature compensating capacitors feature a small rate of change in electrostatic capacitance as the temperature changes and are used for applications such as filters and high frequency circuit matching. The high dielectric constant capacitors use materials with a high dielectric constant and feature a large electrostatic capacitance. Typical applications are power supply decoupling and smoothing circuits.</span></div><div class="features-and-benefits-list"><ul class="features-and-benefits-list-list"><li class="features-and-benefits-list-item">Large capacity and small size in a multilayer structure</li><li class="features-and-benefits-list-item">Capacitance value ranging from 0.1pF to 220?F</li><li class="features-and-benefits-list-item">Tin plated external electrodes, excellent solderability</li><li class="features-and-benefits-list-item">Provides good high frequency characteristics</li><li class="features-and-benefits-list-item">Excellent pulse response</li><li class="features-and-benefits-list-item">High reliability</li><li class="features-and-benefits-list-item">Capacitor size varies from 0.4×0.2mm to 5.7×5.0mm</li><li class="features-and-benefits-list-item">Rated voltage of 2.5VDC to 3.15"; VariantName = "[No Variations]"
Add component (AddParameter): Name = "Ceramic Capacitor Case"; Value = "0603 [1608 Metric]"; VariantName = "[No Variations]"
Add component (AddParameter): Name = "ComponentLink1Description"; Value = "http://www.farnell.com/datasheets/2048611.pdf"; VariantName = "[No Variations]"
Add component (AddParameter): Name = "ComponentLink1URL"; Value = "http://www.farnell.com/datasheets/2048611.pdf"; VariantName = "[No Variations]"
Add component (AddParameter): Name = "Dielectric Characteristic"; Value = "X5"; VariantName = "[No Variations]"
Add component (AddParameter): Name = "Manufacturer"; Value = "MURATA"; VariantName = "[No Variations]"
Add component (AddParameter): Name = "Manufacturer Part Number"; Value = "GRM188R61H105KAALD"; VariantName = "[No Variations]"
Add component (AddParameter): Name = "MSL"; Value = "-"; VariantName = "[No Variations]"
Add component (AddParameter): Name = "Operating Temperature Max"; Value = "85"; VariantName = "[No Variations]"
Add component (AddParameter): Name = "Operating Temperature Min"; Value = "-55"; VariantName = "[No Variations]"
Add component (AddParameter): Name = "Packaging"; Value = "Cut Tape"; VariantName = "[No Variations]"
Add component (AddParameter): Name = "Pricing 1"; Value = "10=0.093, 100=0.062, 500=0.0507, 1000=0.0465, 2000=0.0429, 4000=0.0399, 20000=0.0372, 40000=0.0365 (GBP)"; VariantName = "[No Variations]"
Add component (AddParameter): Name = "Product Range"; Value = "GRM Series"; VariantName = "[No Variations]"
Add component (AddParameter): Name = "RoHS"; Value = "YES"; VariantName = "[No Variations]"
Add component (AddParameter): Name = "Stock 1"; Value = "62682"; VariantName = "[No Variations]"
Add component (AddParameter): Name = "Supplier 1"; Value = "Farnell"; VariantName = "[No Variations]"
Add component (AddParameter): Name = "Supplier Part Number 1"; Value = "1845736"; VariantName = "[No Variations]"
Add component (AddParameter): Name = "SVHC"; Value = "No SVHC (17-Dec-2015)"; VariantName = "[No Variations]"
Add component (AddParameter): Name = "Voltage Rating"; Value = "50"; VariantName = "[No Variations]"
Added Component: Designator=C17(CAP0603)
Add component. Clean all parameters for all variants
Add component (AddParameter): Name = "Automotive Qualification Standard"; Value = "-"; VariantName = "[No Variations]"
Add component (AddParameter): Name = "Capacitance"; Value = "1"; VariantName = "[No Variations]"
Add component (AddParameter): Name = "Capacitance Tolerance"; Value = "± 10%"; VariantName = "[No Variations]"
Add component (AddParameter): Name = "Capacitance Tolerance ±"; Value = "± 10%"; VariantName = "[No Variations]"
Add component (AddParameter): Name = "Capacitor Terminals"; Value = "SMD<!--FANDB--><div class="features-and-benefits-container"><div class="features-and-benefits-description"><span class="features-benefits-value">The Murata GRM series capacitors are Multilayer Ceramic Chip Capacitors (MLCC) used for general purpose applications. These MLCC capacitors are classified into temperature compensating and high dielectric constant types depending on the change in electrostatic capacitance due to change in temperature. The temperature compensating capacitors feature a small rate of change in electrostatic capacitance as the temperature changes and are used for applications such as filters and high frequency circuit matching. The high dielectric constant capacitors use materials with a high dielectric constant and feature a large electrostatic capacitance. Typical applications are power supply decoupling and smoothing circuits.</span></div><div class="features-and-benefits-list"><ul class="features-and-benefits-list-list"><li class="features-and-benefits-list-item">Large capacity and small size in a multilayer structure</li><li class="features-and-benefits-list-item">Capacitance value ranging from 0.1pF to 220?F</li><li class="features-and-benefits-list-item">Tin plated external electrodes, excellent solderability</li><li class="features-and-benefits-list-item">Provides good high frequency characteristics</li><li class="features-and-benefits-list-item">Excellent pulse response</li><li class="features-and-benefits-list-item">High reliability</li><li class="features-and-benefits-list-item">Capacitor size varies from 0.4×0.2mm to 5.7×5.0mm</li><li class="features-and-benefits-list-item">Rated voltage of 2.5VDC to 3.15"; VariantName = "[No Variations]"
Add component (AddParameter): Name = "Ceramic Capacitor Case"; Value = "0603 [1608 Metric]"; VariantName = "[No Variations]"
Add component (AddParameter): Name = "ComponentLink1Description"; Value = "http://www.farnell.com/datasheets/2048611.pdf"; VariantName = "[No Variations]"
Add component (AddParameter): Name = "ComponentLink1URL"; Value = "http://www.farnell.com/datasheets/2048611.pdf"; VariantName = "[No Variations]"
Add component (AddParameter): Name = "Dielectric Characteristic"; Value = "X5"; VariantName = "[No Variations]"
Add component (AddParameter): Name = "Manufacturer"; Value = "MURATA"; VariantName = "[No Variations]"
Add component (AddParameter): Name = "Manufacturer Part Number"; Value = "GRM188R61H105KAALD"; VariantName = "[No Variations]"
Add component (AddParameter): Name = "MSL"; Value = "-"; VariantName = "[No Variations]"
Add component (AddParameter): Name = "Operating Temperature Max"; Value = "85"; VariantName = "[No Variations]"
Add component (AddParameter): Name = "Operating Temperature Min"; Value = "-55"; VariantName = "[No Variations]"
Add component (AddParameter): Name = "Packaging"; Value = "Cut Tape"; VariantName = "[No Variations]"
Add component (AddParameter): Name = "Pricing 1"; Value = "10=0.093, 100=0.062, 500=0.0507, 1000=0.0465, 2000=0.0429, 4000=0.0399, 20000=0.0372, 40000=0.0365 (GBP)"; VariantName = "[No Variations]"
Add component (AddParameter): Name = "Product Range"; Value = "GRM Series"; VariantName = "[No Variations]"
Add component (AddParameter): Name = "RoHS"; Value = "YES"; VariantName = "[No Variations]"
Add component (AddParameter): Name = "Stock 1"; Value = "62682"; VariantName = "[No Variations]"
Add component (AddParameter): Name = "Supplier 1"; Value = "Farnell"; VariantName = "[No Variations]"
Add component (AddParameter): Name = "Supplier Part Number 1"; Value = "1845736"; VariantName = "[No Variations]"
Add component (AddParameter): Name = "SVHC"; Value = "No SVHC (17-Dec-2015)"; VariantName = "[No Variations]"
Add component (AddParameter): Name = "Voltage Rating"; Value = "50"; VariantName = "[No Variations]"
Added Component: Designator=C18(CAP0603)
Add component. Clean all parameters for all variants
Add component (AddParameter): Name = "Automotive Qualification Standard"; Value = "-"; VariantName = "[No Variations]"
Add component (AddParameter): Name = "Capacitance"; Value = "0.1"; VariantName = "[No Variations]"
Add component (AddParameter): Name = "Capacitance Tolerance"; Value = "± 10%"; VariantName = "[No Variations]"
Add component (AddParameter): Name = "Ceramic Capacitor Case"; Value = "0603 [1608 Metric]"; VariantName = "[No Variations]"
Add component (AddParameter): Name = "ComponentLink1Description"; Value = "http://www.farnell.com/datasheets/2189124.pdf"; VariantName = "[No Variations]"
Add component (AddParameter): Name = "ComponentLink1URL"; Value = "http://www.farnell.com/datasheets/2189124.pdf"; VariantName = "[No Variations]"
Add component (AddParameter): Name = "Dielectric Characteristic"; Value = "X7"; VariantName = "[No Variations]"
Add component (AddParameter): Name = "Manufacturer"; Value = "MURATA"; VariantName = "[No Variations]"
Add component (AddParameter): Name = "Manufacturer Part Number"; Value = "GRM188R71C104KA01J"; VariantName = "[No Variations]"
Add component (AddParameter): Name = "MSL"; Value = "MSL 1 - Unlimited"; VariantName = "[No Variations]"
Add component (AddParameter): Name = "Operating Temperature Max"; Value = "125"; VariantName = "[No Variations]"
Add component (AddParameter): Name = "Operating Temperature Min"; Value = "-55"; VariantName = "[No Variations]"
Add component (AddParameter): Name = "Packaging"; Value = "Cut Tape"; VariantName = "[No Variations]"
Add component (AddParameter): Name = "Pricing 1"; Value = "10=0.0145, 100=0.0126, 500=0.0081, 2500=0.0059, 5000=0.0052, 10000=0.0046, 50000=0.0036, 100000=0.0035 (GBP)"; VariantName = "[No Variations]"
Add component (AddParameter): Name = "Product Range"; Value = "GRM Series"; VariantName = "[No Variations]"
Add component (AddParameter): Name = "RoHS"; Value = "YES"; VariantName = "[No Variations]"
Add component (AddParameter): Name = "Stock 1"; Value = "18297"; VariantName = "[No Variations]"
Add component (AddParameter): Name = "Supplier 1"; Value = "Farnell"; VariantName = "[No Variations]"
Add component (AddParameter): Name = "Supplier Part Number 1"; Value = "2688519"; VariantName = "[No Variations]"
Add component (AddParameter): Name = "SVHC"; Value = "No SVHC (20-Jun-2016"; VariantName = "[No Variations]"
Add component (AddParameter): Name = "Voltage Rating"; Value = "16"; VariantName = "[No Variations]"
Added Component: Designator=C19(CAP0603)
Add component. Clean all parameters for all variants
Add component (AddParameter): Name = "Manufacturer"; Value = "KEMET"; VariantName = "[No Variations]"
Add component (AddParameter): Name = "Manufacturer Part Number"; Value = "C0603C106M8PACTU"; VariantName = "[No Variations]"
Add component (AddParameter): Name = "Pricing 1"; Value = "10=0.555, 100=0.315, 500=0.238, 1000=0.2, 2000=0.174, 4000=0.143, 20000=0.123 (GBP)"; VariantName = "[No Variations]"
Add component (AddParameter): Name = "Stock 1"; Value = "0"; VariantName = "[No Variations]"
Add component (AddParameter): Name = "Supplier 1"; Value = "Farnell"; VariantName = "[No Variations]"
Add component (AddParameter): Name = "Supplier Part Number 1"; Value = "2820985"; VariantName = "[No Variations]"
Added Component: Designator=C21(CAP0402)
Add component. Clean all parameters for all variants
Add component (AddParameter): Name = "Capacitance"; Value = "100pF"; VariantName = "[No Variations]"
Add component (AddParameter): Name = "Case/Package"; Value = "0402"; VariantName = "[No Variations]"
Add component (AddParameter): Name = "Case Code (Imperial)"; Value = "0402"; VariantName = "[No Variations]"
Add component (AddParameter): Name = "Case Code (Metric)"; Value = "1005"; VariantName = "[No Variations]"
Add component (AddParameter): Name = "ComponentLink1Description"; Value = "http://components.arrow.com/part/dataview/48781706S8928725N7429"; VariantName = "[No Variations]"
Add component (AddParameter): Name = "ComponentLink1URL"; Value = "http://components.arrow.com/part/dataview/48781706S8928725N7429"; VariantName = "[No Variations]"
Add component (AddParameter): Name = "ComponentLink2Description"; Value = "http://www.farnell.com/datasheets/2112152.pdf"; VariantName = "[No Variations]"
Add component (AddParameter): Name = "ComponentLink2URL"; Value = "http://www.farnell.com/datasheets/2112152.pdf"; VariantName = "[No Variations]"
Add component (AddParameter): Name = "ComponentLink3Description"; Value = "http://www.mouser.com/ds/2/212/KEM_C1002_X7R_SMD-1102033.pdf"; VariantName = "[No Variations]"
Add component (AddParameter): Name = "ComponentLink3URL"; Value = "http://www.mouser.com/ds/2/212/KEM_C1002_X7R_SMD-1102033.pdf"; VariantName = "[No Variations]"
Add component (AddParameter): Name = "Depth"; Value = "0.5mm"; VariantName = "[No Variations]"
Add component (AddParameter): Name = "Dielectric"; Value = "X7R"; VariantName = "[No Variations]"
Add component (AddParameter): Name = "Dielectric Material"; Value = "Ceramic"; VariantName = "[No Variations]"
Add component (AddParameter): Name = "Length"; Value = "1mm"; VariantName = "[No Variations]"
Add component (AddParameter): Name = "Manufacturer"; Value = "KEMET"; VariantName = "[No Variations]"
Add component (AddParameter): Name = "Manufacturer Part Number"; Value = "C0402C101K5RACTU"; VariantName = "[No Variations]"
Add component (AddParameter): Name = "Max Operating Temperature"; Value = "125°C"; VariantName = "[No Variations]"
Add component (AddParameter): Name = "Min Operating Temperature"; Value = "-55°C"; VariantName = "[No Variations]"
Add component (AddParameter): Name = "Mount"; Value = "Surface Mount"; VariantName = "[No Variations]"
Add component (AddParameter): Name = "Package Quantity"; Value = "10000"; VariantName = "[No Variations]"
Add component (AddParameter): Name = "Packaging"; Value = "Tape and Reel"; VariantName = "[No Variations]"
Add component (AddParameter): Name = "Pricing 1"; Value = "10=0.0252, 100=0.0202, 500=0.0126, 2500=0.0084, 5000=0.0072 (EUR)"; VariantName = "[No Variations]"
Add component (AddParameter): Name = "REACH SVHC"; Value = "No SVHC"; VariantName = "[No Variations]"
Add component (AddParameter): Name = "Stock 1"; Value = "35279"; VariantName = "[No Variations]"
Add component (AddParameter): Name = "Supplier 1"; Value = "Farnell"; VariantName = "[No Variations]"
Add component (AddParameter): Name = "Supplier Part Number 1"; Value = "2522375"; VariantName = "[No Variations]"
Add component (AddParameter): Name = "Termination"; Value = "SMD/SMT"; VariantName = "[No Variations]"
Add component (AddParameter): Name = "Thickness"; Value = "0.02inch"; VariantName = "[No Variations]"
Add component (AddParameter): Name = "Tolerance"; Value = "10%"; VariantName = "[No Variations]"
Add component (AddParameter): Name = "Voltage Rating"; Value = "50V"; VariantName = "[No Variations]"
Add component (AddParameter): Name = "Voltage Rating (DC)"; Value = "50V"; VariantName = "[No Variations]"
Add component (AddParameter): Name = "Width"; Value = "0.5mm"; VariantName = "[No Variations]"
Added Component: Designator=C24(CAP0603)
Add component. Clean all parameters for all variants
Add component (AddParameter): Name = "Manufacturer"; Value = "KEMET"; VariantName = "[No Variations]"
Add component (AddParameter): Name = "Manufacturer Part Number"; Value = "C0603C106M8PACTU"; VariantName = "[No Variations]"
Add component (AddParameter): Name = "Pricing 1"; Value = "10=0.555, 100=0.315, 500=0.238, 1000=0.2, 2000=0.174, 4000=0.143, 20000=0.123 (GBP)"; VariantName = "[No Variations]"
Add component (AddParameter): Name = "Stock 1"; Value = "0"; VariantName = "[No Variations]"
Add component (AddParameter): Name = "Supplier 1"; Value = "Farnell"; VariantName = "[No Variations]"
Add component (AddParameter): Name = "Supplier Part Number 1"; Value = "2820985"; VariantName = "[No Variations]"
Added Component: Designator=P2(HDR1X3)
Add component. Clean all parameters for all variants
Add component (AddParameter): Name = "LatestRevisionDate"; Value = "17-Jul-2002"; VariantName = "[No Variations]"
Add component (AddParameter): Name = "LatestRevisionNote"; Value = "Re-released for DXP Platform."; VariantName = "[No Variations]"
Add component (AddParameter): Name = "Publisher"; Value = "Altium Limited"; VariantName = "[No Variations]"
Added Component: Designator=SW1(Tactile button)
Add component. Clean all parameters for all variants
Add component (AddParameter): Name = "Actuator Color"; Value = "N/A"; VariantName = "[No Variations]"
Add component (AddParameter): Name = "Actuator Length"; Value = "0.5 mm"; VariantName = "[No Variations]"
Add component (AddParameter): Name = "Actuator Style"; Value = "Round Button"; VariantName = "[No Variations]"
Add component (AddParameter): Name = "Base Material"; Value = "N/A"; VariantName = "[No Variations]"
Add component (AddParameter): Name = "Body Orientation"; Value = "Straight"; VariantName = "[No Variations]"
Add component (AddParameter): Name = "ComponentLink1Description"; Value = "https://www.ckswitches.com/media/1479/kmr2.pdf"; VariantName = "[No Variations]"
Add component (AddParameter): Name = "ComponentLink1URL"; Value = "https://www.ckswitches.com/media/1479/kmr2.pdf"; VariantName = "[No Variations]"
Add component (AddParameter): Name = "ComponentLink2Description"; Value = "http://www.ck-components.com/14414/kmr2_9aug12.pdf/"; VariantName = "[No Variations]"
Add component (AddParameter): Name = "ComponentLink2URL"; Value = "http://www.ck-components.com/14414/kmr2_9aug12.pdf/"; VariantName = "[No Variations]"
Add component (AddParameter): Name = "ComponentLink3Description"; Value = "http://www.ck-components.com/index.php?module=media&action=Display&cmpref=14414&lang=en&width=&height=&format=&alt="; VariantName = "[No Variations]"
Add component (AddParameter): Name = "ComponentLink3URL"; Value = "http://www.ck-components.com/index.php?module=media&action=Display&cmpref=14414&lang=en&width=&height=&format=&alt="; VariantName = "[No Variations]"
Add component (AddParameter): Name = "ComponentLink4Description"; Value = "http://www1.futureelectronics.com/doc/C%20-%20K%20COMPONENTS/KMR221NGLFS.pdf"; VariantName = "[No Variations]"
Add component (AddParameter): Name = "ComponentLink4URL"; Value = "http://www1.futureelectronics.com/doc/C%20-%20K%20COMPONENTS/KMR221NGLFS.pdf"; VariantName = "[No Variations]"
Add component (AddParameter): Name = "Contact Material"; Value = "Silver"; VariantName = "[No Variations]"
Add component (AddParameter): Name = "Contact Plating"; Value = "Silver"; VariantName = "[No Variations]"
Add component (AddParameter): Name = "Contact Rating @ Voltage"; Value = "1 A"; VariantName = "[No Variations]"
Add component (AddParameter): Name = "Dielectric Strength"; Value = ">=250 Vrms"; VariantName = "[No Variations]"
Add component (AddParameter): Name = "Dimension"; Value = "2.8 x 4.6 x 1.9 mm"; VariantName = "[No Variations]"
Add component (AddParameter): Name = "ECCN"; Value = "EAR99"; VariantName = "[No Variations]"
Add component (AddParameter): Name = "Electrical Life"; Value = "N/A"; VariantName = "[No Variations]"
Add component (AddParameter): Name = "Family"; Value = "KMR 2"; VariantName = "[No Variations]"
Add component (AddParameter): Name = "Ground Terminal"; Value = "No"; VariantName = "[No Variations]"
Add component (AddParameter): Name = "Housing Material"; Value = "N/A"; VariantName = "[No Variations]"
Add component (AddParameter): Name = "HTS"; Value = "8536501199"; VariantName = "[No Variations]"
Add component (AddParameter): Name = "Illumination Type"; Value = "N/R"; VariantName = "[No Variations]"
Add component (AddParameter): Name = "Manufacturer"; Value = "ITT C&K"; VariantName = "[No Variations]"
Add component (AddParameter): Name = "Manufacturer Part Number"; Value = "KMR221NGLFS"; VariantName = "[No Variations]"
Add component (AddParameter): Name = "Maximum AC Voltage Rating"; Value = "N/A"; VariantName = "[No Variations]"
Add component (AddParameter): Name = "Maximum DC Voltage Rating"; Value = "32 V"; VariantName = "[No Variations]"
Add component (AddParameter): Name = "Mechanical Life"; Value = "200000 Cycles"; VariantName = "[No Variations]"
Add component (AddParameter): Name = "Minimum Insulation Resistance"; Value = ">=1000 MOhm"; VariantName = "[No Variations]"
Add component (AddParameter): Name = "Mounting"; Value = "Surface Mount,Gull Wing"; VariantName = "[No Variations]"
Add component (AddParameter): Name = "Operating Force"; Value = "2 N"; VariantName = "[No Variations]"
Add component (AddParameter): Name = "Operating Temperature"; Value = "-40 to 85 C"; VariantName = "[No Variations]"
Add component (AddParameter): Name = "Packaging"; Value = "Tape and Reel"; VariantName = "[No Variations]"
Add component (AddParameter): Name = "Part No"; Value = "KMR221NGLFS"; VariantName = "[No Variations]"
Add component (AddParameter): Name = "Pole Throw Configuration"; Value = "SPST"; VariantName = "[No Variations]"
Add component (AddParameter): Name = "Pricing 1"; Value = "10=0.278, 500=0.264, 1000=0.208, 5000=0.204, 10000=0.2 (GBP)"; VariantName = "[No Variations]"
Add component (AddParameter): Name = "Product Weight"; Value = "N/A"; VariantName = "[No Variations]"
Add component (AddParameter): Name = "RoHS"; Value = "Yes"; VariantName = "[No Variations]"
Add component (AddParameter): Name = "Seal Description"; Value = "N/A"; VariantName = "[No Variations]"
Add component (AddParameter): Name = "Seal Location"; Value = "N/A"; VariantName = "[No Variations]"
Add component (AddParameter): Name = "Stock 1"; Value = "4985"; VariantName = "[No Variations]"
Add component (AddParameter): Name = "Supplier 1"; Value = "C&K Components"; VariantName = "[No Variations]"
Add component (AddParameter): Name = "Supplier Part Number 1"; Value = "2845727"; VariantName = "[No Variations]"
Add component (AddParameter): Name = "Supplier Standard Pack"; Value = "7,000"; VariantName = "[No Variations]"
Add component (AddParameter): Name = "Switch Configuration"; Value = "N.O."; VariantName = "[No Variations]"
Add component (AddParameter): Name = "Type"; Value = "Micro-Miniature"; VariantName = "[No Variations]"
Added Component: Designator=T3(Test_pad)
Add component. Clean all parameters for all variants
Added Component: Designator=T4(Test_pad)
Add component. Clean all parameters for all variants
Added Component: Designator=T5(Test_pad)
Add component. Clean all parameters for all variants
Added Component: Designator=T7(Test_pad)
Add component. Clean all parameters for all variants
Added Component: Designator=T8(Test_pad)
Add component. Clean all parameters for all variants
Added Component: Designator=U6(Lora Module ES0)
Add component. Clean all parameters for all variants
Added Pin To Net: NetName=GND Pin=C15-2
Added Pin To Net: NetName=GND Pin=C16-1
Added Pin To Net: NetName=GND Pin=C17-1
Added Pin To Net: NetName=VCC Pin=C17-2
Added Pin To Net: NetName=GND Pin=C18-1
Added Pin To Net: NetName=VCC Pin=C18-2
Added Pin To Net: NetName=GND Pin=C19-1
Added Pin To Net: NetName=VCC Pin=C19-2
Added Pin To Net: NetName=GND Pin=C24-1
Added Pin To Net: NetName=VCC Pin=C24-2
Added Pin To Net: NetName=SWCLK Pin=P2-1
Added Pin To Net: NetName=GND Pin=R21-2
Added Pin To Net: NetName=VCC Pin=R23-2
Added Pin To Net: NetName=VCC Pin=R28-2
Added Pin To Net: NetName=VBAT Pin=R29-1
Added Pin To Net: NetName=VBAT Pin=R29-2
Added Pin To Net: NetName=GND Pin=R32-1
Added Pin To Net: NetName=GND Pin=SW1-1
Added Pin To Net: NetName=GND Pin=U4-2
Added Pin To Net: NetName=GND Pin=U4-13
Added Pin To Net: NetName=VCC Pin=U4-14
Added Pin To Net: NetName=GPIO_BCM5 Pin=U6-2
Added Pin To Net: NetName=GND Pin=U6-3
Added Pin To Net: NetName=VCC Pin=U6-4
Added Pin To Net: NetName=VCC Pin=U6-5
Added Pin To Net: NetName=VCC Pin=U6-6
Added Pin To Net: NetName=GND Pin=U6-7
Added Pin To Net: NetName=MOSI Pin=U6-14
Added Pin To Net: NetName=MISO Pin=U6-15
Added Pin To Net: NetName=SCK Pin=U6-16
Added Pin To Net: NetName=SPI_CSS Pin=U6-17
Added Pin To Net: NetName=RXD Pin=U6-18
Added Pin To Net: NetName=TXD Pin=U6-19
Added Pin To Net: NetName=GPIO_FET Pin=U6-20
Added Pin To Net: NetName=VBAT Pin=U6-21
Added Pin To Net: NetName=I2C_VCC_EN Pin=U6-22
Added Pin To Net: NetName=GND Pin=U6-25
Added Pin To Net: NetName=GND Pin=U6-27
Added Pin To Net: NetName=SCL Pin=U6-35
Added Pin To Net: NetName=SDA Pin=U6-36
Added Pin To Net: NetName=GPIO_BCM6 Pin=U6-38
Added Pin To Net: NetName=ENABLE_5V Pin=U6-39
Added Pin To Net: NetName=SWCLK Pin=U6-42
Added Pin To Net: NetName=GND Pin=U6-44
Added Pin To Net: NetName=NetR22_2 Pin=U6-48
Added Pin To Net: NetName=GND Pin=U6-49
Added Pin To Net: NetName=GND Pin=U6-50
Added Pin To Net: NetName=GND Pin=U6-51
Added Pin To Net: NetName=GND Pin=U6-52
Added Pin To Net: NetName=GND Pin=U6-53
Added Pin To Net: NetName=GND Pin=U6-54
Added Pin To Net: NetName=GND Pin=U6-55
Added Pin To Net: NetName=GND Pin=U6-56
Added Pin To Net: NetName=GND Pin=U6-57
Added Pin To Net: NetName=BLE_RX Pin=U4-7
Added Pin To Net: NetName=BLE_RX Pin=U6-24
Added Net: Name=BLE_RX
Added Pin To Net: NetName=BLE_TX Pin=U4-8
Added Pin To Net: NetName=BLE_TX Pin=U6-23
Added Net: Name=BLE_TX
Added Pin To Net: NetName=MCU_nRST Pin=C15-1
Added Pin To Net: NetName=MCU_nRST Pin=P2-3
Added Pin To Net: NetName=MCU_nRST Pin=R23-1
Added Pin To Net: NetName=MCU_nRST Pin=SW1-4
Added Pin To Net: NetName=MCU_nRST Pin=U6-34
Added Net: Name=MCU_nRST
Added Pin To Net: NetName=NetC16_2 Pin=C16-2
Added Pin To Net: NetName=NetC16_2 Pin=R28-1
Added Pin To Net: NetName=NetC16_2 Pin=U4-10
Added Net: Name=NetC16_2
Added Pin To Net: NetName=NetC21_1 Pin=C21-1
Added Pin To Net: NetName=NetC21_1 Pin=U6-26
Added Net: Name=NetC21_1
Added Pin To Net: NetName=NetC21_2 Pin=C21-2
Added Pin To Net: NetName=NetC21_2 Pin=CON2-1
Added Net: Name=NetC21_2
Added Pin To Net: NetName=NetR21_1 Pin=R21-1
Added Pin To Net: NetName=NetR21_1 Pin=U6-43
Added Net: Name=NetR21_1
Added Pin To Net: NetName=NetR22_1 Pin=R22-1
Added Pin To Net: NetName=NetR22_1 Pin=U6-1
Added Net: Name=NetR22_1
Added Pin To Net: NetName=NetT3_1 Pin=T3-1
Added Pin To Net: NetName=NetT3_1 Pin=U6-8
Added Net: Name=NetT3_1
Added Pin To Net: NetName=NetT4_1 Pin=T4-1
Added Pin To Net: NetName=NetT4_1 Pin=U6-9
Added Net: Name=NetT4_1
Added Pin To Net: NetName=NetT5_1 Pin=T5-1
Added Pin To Net: NetName=NetT5_1 Pin=U6-10
Added Net: Name=NetT5_1
Added Pin To Net: NetName=NetT7_1 Pin=T7-1
Added Pin To Net: NetName=NetT7_1 Pin=U6-11
Added Net: Name=NetT7_1
Added Pin To Net: NetName=NetT8_1 Pin=T8-1
Added Pin To Net: NetName=NetT8_1 Pin=U6-12
Added Net: Name=NetT8_1
Added Pin To Net: NetName=P2_0 Pin=U4-16
Added Pin To Net: NetName=P2_0 Pin=U6-37
Added Net: Name=P2_0
Added Pin To Net: NetName=SWDIO Pin=P2-2
Added Pin To Net: NetName=SWDIO Pin=U6-41
Added Net: Name=SWDIO
Added Pin To Net: NetName=UART_RX_IND Pin=U4-6
Added Pin To Net: NetName=UART_RX_IND Pin=U6-33
Added Net: Name=UART_RX_IND
Added Pin To Net: NetName=UART_TX_IND Pin=U4-15
Added Pin To Net: NetName=UART_TX_IND Pin=U6-40
Added Net: Name=UART_TX_IND
Added Member To Class: ClassName=PAGE2-BLE, POWER, LORA Member=Component C16 1uF
Added Member To Class: ClassName=PAGE2-BLE, POWER, LORA Member=Component C17 1uF
Added Member To Class: ClassName=PAGE2-BLE, POWER, LORA Member=Component C18 100nF
Added Member To Class: ClassName=PAGE2-BLE, POWER, LORA Member=Component C19 10uF
Added Member To Class: ClassName=PAGE2-BLE, POWER, LORA Member=Component C21 100pF
Added Member To Class: ClassName=PAGE2-BLE, POWER, LORA Member=Component C24 10uF
Added Member To Class: ClassName=PAGE2-BLE, POWER, LORA Member=Component P2 Header 3
Added Member To Class: ClassName=PAGE2-BLE, POWER, LORA Member=Component SW1 KMR221NG LFS
Added Member To Class: ClassName=PAGE2-BLE, POWER, LORA Member=Component T3 Test_pad
Added Member To Class: ClassName=PAGE2-BLE, POWER, LORA Member=Component T4 Test_pad
Added Member To Class: ClassName=PAGE2-BLE, POWER, LORA Member=Component T5 Test_pad
Added Member To Class: ClassName=PAGE2-BLE, POWER, LORA Member=Component T7 Test_pad
Added Member To Class: ClassName=PAGE2-BLE, POWER, LORA Member=Component T8 Test_pad
Added Member To Class: ClassName=PAGE2-BLE, POWER, LORA Member=Component U6 Lora Module ES0
