Added Component: Designator=CON3(CR-2032/VCN)
Add component. Clean all parameters for all variants
Add component (AddParameter): Name = "Battery Size"; Value = "2032"; VariantName = "[No Variations]"
Add component (AddParameter): Name = "Brand"; Value = "Panasonic Battery"; VariantName = "[No Variations]"
Add component (AddParameter): Name = "Capacity"; Value = "225 mAh"; VariantName = "[No Variations]"
Add component (AddParameter): Name = "Chemistry"; Value = "Lithium"; VariantName = "[No Variations]"
Add component (AddParameter): Name = "ComponentLink1Description"; Value = "http://www.mouser.com/ds/2/315/AAA4000CE51-586417.pdf"; VariantName = "[No Variations]"
Add component (AddParameter): Name = "ComponentLink1URL"; Value = "http://www.mouser.com/ds/2/315/AAA4000CE51-586417.pdf"; VariantName = "[No Variations]"
Add component (AddParameter): Name = "ComponentLink2Description"; Value = "http://uk.rs-online.com/webdocs/108e/0900766b8108ebf4.pdf"; VariantName = "[No Variations]"
Add component (AddParameter): Name = "ComponentLink2URL"; Value = "http://uk.rs-online.com/webdocs/108e/0900766b8108ebf4.pdf"; VariantName = "[No Variations]"
Add component (AddParameter): Name = "ComponentLink3Description"; Value = "https://na.industrial.panasonic.com/sites/default/pidsa/files/panasonic-lithium-cr2032-datasheet.pdf"; VariantName = "[No Variations]"
Add component (AddParameter): Name = "ComponentLink3URL"; Value = "https://na.industrial.panasonic.com/sites/default/pidsa/files/panasonic-lithium-cr2032-datasheet.pdf"; VariantName = "[No Variations]"
Add component (AddParameter): Name = "Diameter"; Value = "20 mm"; VariantName = "[No Variations]"
Add component (AddParameter): Name = "Factory Pack Quantity"; Value = "480"; VariantName = "[No Variations]"
Add component (AddParameter): Name = "Height"; Value = "3.2 mm"; VariantName = "[No Variations]"
Add component (AddParameter): Name = "Manufacturer"; Value = "Panasonic BSG"; VariantName = "[No Variations]"
Add component (AddParameter): Name = "Manufacturer Part Number"; Value = "CR-2032/VCN"; VariantName = "[No Variations]"
Add component (AddParameter): Name = "Operating Temperature Range"; Value = "- 30 C to + 60 C"; VariantName = "[No Variations]"
Add component (AddParameter): Name = "Orientation"; Value = "Vertical"; VariantName = "[No Variations]"
Add component (AddParameter): Name = "Output Voltage"; Value = "3 V"; VariantName = "[No Variations]"
Add component (AddParameter): Name = "Packaging"; Value = "Bulk"; VariantName = "[No Variations]"
Add component (AddParameter): Name = "Part # Aliases"; Value = "CR-2032/VCN"; VariantName = "[No Variations]"
Add component (AddParameter): Name = "Pricing 1"; Value = "1=0.91, 50=0.892, 100=0.874, 500=0.855, 1000=0.837 (GBP)"; VariantName = "[No Variations]"
Add component (AddParameter): Name = "Product Category"; Value = "Coin Cell Battery"; VariantName = "[No Variations]"
Add component (AddParameter): Name = "Rechargeable/Non-Rechargeable"; Value = "Non-Rechargeable"; VariantName = "[No Variations]"
Add component (AddParameter): Name = "RoHS"; Value = "Not Applicable"; VariantName = "[No Variations]"
Add component (AddParameter): Name = "Series"; Value = "CR"; VariantName = "[No Variations]"
Add component (AddParameter): Name = "Stock 1"; Value = "1004"; VariantName = "[No Variations]"
Add component (AddParameter): Name = "Supplier 1"; Value = "Farnell"; VariantName = "[No Variations]"
Add component (AddParameter): Name = "Supplier Part Number 1"; Value = "1892670"; VariantName = "[No Variations]"
Add component (AddParameter): Name = "Termination Style"; Value = "Through Hole"; VariantName = "[No Variations]"
Add component (AddParameter): Name = "Type"; Value = "Lithium Primary Coil Batteries"; VariantName = "[No Variations]"
Added Pin To Net: NetName=GND Pin=CON3-NEG
Added Pin To Net: NetName=NetCON3_POS Pin=CON3-POS
Added Member To Class: ClassName=PAGE2-BLE, POWER, LORA Member=Component CON3 BATTERY
