Removed Pin From Net: NetName=GND Pin=C17-1
Removed Pin From Net: NetName=GND Pin=C18-1
Removed Pin From Net: NetName=GND Pin=C19-1
Removed Member From Class: ClassName=PAGE2-BLE, POWER, LORA Member=C1
Removed Member From Class: ClassName=PAGE2-BLE, POWER, LORA Member=C2
Removed Member From Class: ClassName=PAGE2-BLE, POWER, LORA Member=C3
Removed Member From Class: ClassName=PAGE2-BLE, POWER, LORA Member=C4
Removed Member From Class: ClassName=PAGE2-BLE, POWER, LORA Member=C5
Removed Member From Class: ClassName=PAGE2-BLE, POWER, LORA Member=C6
Removed Member From Class: ClassName=PAGE2-BLE, POWER, LORA Member=C7
Removed Member From Class: ClassName=PAGE2-BLE, POWER, LORA Member=C8
Removed Member From Class: ClassName=PAGE2-BLE, POWER, LORA Member=C9
Removed Member From Class: ClassName=PAGE2-BLE, POWER, LORA Member=C10
Removed Member From Class: ClassName=PAGE2-BLE, POWER, LORA Member=C11
Removed Member From Class: ClassName=PAGE2-BLE, POWER, LORA Member=C12
Removed Member From Class: ClassName=PAGE2-BLE, POWER, LORA Member=C13
Removed Member From Class: ClassName=PAGE2-BLE, POWER, LORA Member=C14
Removed Member From Class: ClassName=PAGE2-BLE, POWER, LORA Member=CON1
Removed Member From Class: ClassName=PAGE2-BLE, POWER, LORA Member=D1
Removed Member From Class: ClassName=PAGE2-BLE, POWER, LORA Member=D2
Removed Member From Class: ClassName=PAGE2-BLE, POWER, LORA Member=D3
Removed Member From Class: ClassName=PAGE2-BLE, POWER, LORA Member=D4
Removed Member From Class: ClassName=PAGE2-BLE, POWER, LORA Member=D5
Removed Member From Class: ClassName=PAGE2-BLE, POWER, LORA Member=D6
Removed Member From Class: ClassName=PAGE2-BLE, POWER, LORA Member=F1
Removed Member From Class: ClassName=PAGE2-BLE, POWER, LORA Member=L1
Removed Member From Class: ClassName=PAGE2-BLE, POWER, LORA Member=L2
Removed Member From Class: ClassName=PAGE2-BLE, POWER, LORA Member=L3
Removed Member From Class: ClassName=PAGE2-BLE, POWER, LORA Member=P1
Removed Member From Class: ClassName=PAGE2-BLE, POWER, LORA Member=P3
Removed Member From Class: ClassName=PAGE2-BLE, POWER, LORA Member=R1
Removed Member From Class: ClassName=PAGE2-BLE, POWER, LORA Member=R2
Removed Member From Class: ClassName=PAGE2-BLE, POWER, LORA Member=R3
Removed Member From Class: ClassName=PAGE2-BLE, POWER, LORA Member=R4
Removed Member From Class: ClassName=PAGE2-BLE, POWER, LORA Member=R5
Removed Member From Class: ClassName=PAGE2-BLE, POWER, LORA Member=R6
Removed Member From Class: ClassName=PAGE2-BLE, POWER, LORA Member=R7
Removed Member From Class: ClassName=PAGE2-BLE, POWER, LORA Member=R8
Removed Member From Class: ClassName=PAGE2-BLE, POWER, LORA Member=R9
Removed Member From Class: ClassName=PAGE2-BLE, POWER, LORA Member=R10
Removed Member From Class: ClassName=PAGE2-BLE, POWER, LORA Member=R11
Removed Member From Class: ClassName=PAGE2-BLE, POWER, LORA Member=R12
Removed Member From Class: ClassName=PAGE2-BLE, POWER, LORA Member=R13
Removed Member From Class: ClassName=PAGE2-BLE, POWER, LORA Member=R14
Removed Member From Class: ClassName=PAGE2-BLE, POWER, LORA Member=R15
Removed Member From Class: ClassName=PAGE2-BLE, POWER, LORA Member=R22
Removed Member From Class: ClassName=PAGE2-BLE, POWER, LORA Member=T1
Removed Member From Class: ClassName=PAGE2-BLE, POWER, LORA Member=U1
Removed Member From Class: ClassName=PAGE2-BLE, POWER, LORA Member=U2
Removed Member From Class: ClassName=PAGE2-BLE, POWER, LORA Member=U3
Change Net Name : Old Net Name=ENABLE_5V New Net Name=NetU2_14
Change Net Name : Old Net Name=P2_0 New Net Name=BLE_MOD_P2_0
Change Net Name : Old Net Name=UART_RX_IND New Net Name=BLE_UART_RX_IND
Change Net Name : Old Net Name=UART_TX_IND New Net Name=BLE_UART_TX_IND
Added Pin To Net: NetName=NetC17_1 Pin=C17-1
Added Pin To Net: NetName=NetC17_1 Pin=C18-1
Added Pin To Net: NetName=NetC17_1 Pin=C19-1
Added Net: Name=NetC17_1
Added Pin To Net: NetName=NetU6_1 Pin=U6-1
Added Pin To Net: NetName=NetU6_1 Pin=U6-48
Added Net: Name=NetU6_1
Change Class Name : Old Net Name=PAGE2-BLE, POWER, LORA New Net Name=PAGE3-BLE, LORA, RTC
Added Class: Name=PAGE2-POWER
